<?xml version="1.0" encoding="UTF-8"?>
<testsuite xmlns:xsi="http://www.w3.org/2001/XMLSchema-instance" xsi:noNamespaceSchemaLocation="https://maven.apache.org/surefire/maven-surefire-plugin/xsd/surefire-test-report.xsd" version="3.0.2" name="io.cucumber.junit.platform.engine.CucumberTestEngine" time="0.188" tests="30" errors="0" skipped="0" failures="5">
  <properties>
    <property name="java.specification.version" value="23"/>
    <property name="sun.jnu.encoding" value="UTF-8"/>
    <property name="java.class.path" value="/Users/alizeb/Desktop/Semester 4/Software engineering/software_proj/target/test-classes:/Users/alizeb/Desktop/Semester 4/Software engineering/software_proj/target/classes:/Users/alizeb/.m2/repository/io/cucumber/cucumber-java/7.20.1/cucumber-java-7.20.1.jar:/Users/alizeb/.m2/repository/io/cucumber/cucumber-core/7.20.1/cucumber-core-7.20.1.jar:/Users/alizeb/.m2/repository/io/cucumber/cucumber-gherkin/7.20.1/cucumber-gherkin-7.20.1.jar:/Users/alizeb/.m2/repository/io/cucumber/cucumber-gherkin-messages/7.20.1/cucumber-gherkin-messages-7.20.1.jar:/Users/alizeb/.m2/repository/io/cucumber/gherkin/28.0.0/gherkin-28.0.0.jar:/Users/alizeb/.m2/repository/io/cucumber/messages/24.1.0/messages-24.1.0.jar:/Users/alizeb/.m2/repository/io/cucumber/testng-xml-formatter/0.2.0/testng-xml-formatter-0.2.0.jar:/Users/alizeb/.m2/repository/io/cucumber/query/12.2.0/query-12.2.0.jar:/Users/alizeb/.m2/repository/io/cucumber/tag-expressions/6.1.0/tag-expressions-6.1.0.jar:/Users/alizeb/.m2/repository/io/cucumber/cucumber-expressions/17.1.0/cucumber-expressions-17.1.0.jar:/Users/alizeb/.m2/repository/io/cucumber/datatable/7.20.1/datatable-7.20.1.jar:/Users/alizeb/.m2/repository/io/cucumber/cucumber-plugin/7.20.1/cucumber-plugin-7.20.1.jar:/Users/alizeb/.m2/repository/io/cucumber/docstring/7.20.1/docstring-7.20.1.jar:/Users/alizeb/.m2/repository/io/cucumber/html-formatter/21.7.0/html-formatter-21.7.0.jar:/Users/alizeb/.m2/repository/io/cucumber/junit-xml-formatter/0.5.0/junit-xml-formatter-0.5.0.jar:/Users/alizeb/.m2/repository/io/cucumber/ci-environment/10.0.1/ci-environment-10.0.1.jar:/Users/alizeb/.m2/repository/org/apiguardian/apiguardian-api/1.1.2/apiguardian-api-1.1.2.jar:/Users/alizeb/.m2/repository/io/cucumber/cucumber-junit-platform-engine/7.20.1/cucumber-junit-platform-engine-7.20.1.jar:/Users/alizeb/.m2/repository/org/junit/platform/junit-platform-engine/1.11.2/junit-platform-engine-1.11.2.jar:/Users/alizeb/.m2/repository/org/opentest4j/opentest4j/1.3.0/opentest4j-1.3.0.jar:/Users/alizeb/.m2/repository/org/junit/platform/junit-platform-commons/1.11.2/junit-platform-commons-1.11.2.jar:/Users/alizeb/.m2/repository/org/junit/platform/junit-platform-suite/1.11.2/junit-platform-suite-1.11.2.jar:/Users/alizeb/.m2/repository/org/junit/platform/junit-platform-suite-api/1.11.2/junit-platform-suite-api-1.11.2.jar:/Users/alizeb/.m2/repository/org/junit/platform/junit-platform-suite-engine/1.11.2/junit-platform-suite-engine-1.11.2.jar:/Users/alizeb/.m2/repository/org/junit/platform/junit-platform-suite-commons/1.11.2/junit-platform-suite-commons-1.11.2.jar:/Users/alizeb/.m2/repository/org/junit/platform/junit-platform-launcher/1.11.2/junit-platform-launcher-1.11.2.jar:/Users/alizeb/.m2/repository/io/cucumber/cucumber-picocontainer/7.20.1/cucumber-picocontainer-7.20.1.jar:/Users/alizeb/.m2/repository/org/picocontainer/picocontainer/2.15/picocontainer-2.15.jar:/Users/alizeb/.m2/repository/org/junit/jupiter/junit-jupiter/5.11.2/junit-jupiter-5.11.2.jar:/Users/alizeb/.m2/repository/org/junit/jupiter/junit-jupiter-api/5.11.2/junit-jupiter-api-5.11.2.jar:/Users/alizeb/.m2/repository/org/junit/jupiter/junit-jupiter-params/5.11.2/junit-jupiter-params-5.11.2.jar:/Users/alizeb/.m2/repository/org/junit/jupiter/junit-jupiter-engine/5.11.2/junit-jupiter-engine-5.11.2.jar:/Users/alizeb/.m2/repository/org/mockito/mockito-core/5.15.2/mockito-core-5.15.2.jar:/Users/alizeb/.m2/repository/net/bytebuddy/byte-buddy/1.15.11/byte-buddy-1.15.11.jar:/Users/alizeb/.m2/repository/net/bytebuddy/byte-buddy-agent/1.15.11/byte-buddy-agent-1.15.11.jar:/Users/alizeb/.m2/repository/org/objenesis/objenesis/3.3/objenesis-3.3.jar:/Users/alizeb/.m2/repository/org/openjfx/javafx-controls/23-ea+3/javafx-controls-23-ea+3.jar:/Users/alizeb/.m2/repository/org/openjfx/javafx-controls/23-ea+3/javafx-controls-23-ea+3-mac-aarch64.jar:/Users/alizeb/.m2/repository/org/openjfx/javafx-graphics/23-ea+3/javafx-graphics-23-ea+3.jar:/Users/alizeb/.m2/repository/org/openjfx/javafx-graphics/23-ea+3/javafx-graphics-23-ea+3-mac-aarch64.jar:/Users/alizeb/.m2/repository/org/openjfx/javafx-base/23-ea+3/javafx-base-23-ea+3.jar:/Users/alizeb/.m2/repository/org/openjfx/javafx-base/23-ea+3/javafx-base-23-ea+3-mac-aarch64.jar:/Users/alizeb/.m2/repository/org/openjfx/javafx-fxml/23-ea+3/javafx-fxml-23-ea+3.jar:/Users/alizeb/.m2/repository/org/openjfx/javafx-fxml/23-ea+3/javafx-fxml-23-ea+3-mac-aarch64.jar:"/>
    <property name="java.vm.vendor" value="Homebrew"/>
    <property name="sun.arch.data.model" value="64"/>
    <property name="java.vendor.url" value="https://github.com/Homebrew/homebrew-core/issues"/>
    <property name="user.timezone" value="Europe/Copenhagen"/>
    <property name="os.name" value="Mac OS X"/>
    <property name="java.vm.specification.version" value="23"/>
    <property name="sun.java.launcher" value="SUN_STANDARD"/>
    <property name="user.country" value="DK"/>
    <property name="sun.boot.library.path" value="/opt/homebrew/Cellar/openjdk/23.0.2/libexec/openjdk.jdk/Contents/Home/lib"/>
    <property name="sun.java.command" value="/Users/alizeb/Desktop/Semester 4/Software engineering/software_proj/target/surefire/surefirebooter-20250509011726537_3.jar /Users/alizeb/Desktop/Semester 4/Software engineering/software_proj/target/surefire 2025-05-09T01-17-26_490-jvmRun1 surefire-20250509011726537_1tmp surefire_0-20250509011726537_2tmp"/>
    <property name="http.nonProxyHosts" value="local|*.local|169.254/16|*.169.254/16"/>
    <property name="jdk.debug" value="release"/>
    <property name="surefire.test.class.path" value="/Users/alizeb/Desktop/Semester 4/Software engineering/software_proj/target/test-classes:/Users/alizeb/Desktop/Semester 4/Software engineering/software_proj/target/classes:/Users/alizeb/.m2/repository/io/cucumber/cucumber-java/7.20.1/cucumber-java-7.20.1.jar:/Users/alizeb/.m2/repository/io/cucumber/cucumber-core/7.20.1/cucumber-core-7.20.1.jar:/Users/alizeb/.m2/repository/io/cucumber/cucumber-gherkin/7.20.1/cucumber-gherkin-7.20.1.jar:/Users/alizeb/.m2/repository/io/cucumber/cucumber-gherkin-messages/7.20.1/cucumber-gherkin-messages-7.20.1.jar:/Users/alizeb/.m2/repository/io/cucumber/gherkin/28.0.0/gherkin-28.0.0.jar:/Users/alizeb/.m2/repository/io/cucumber/messages/24.1.0/messages-24.1.0.jar:/Users/alizeb/.m2/repository/io/cucumber/testng-xml-formatter/0.2.0/testng-xml-formatter-0.2.0.jar:/Users/alizeb/.m2/repository/io/cucumber/query/12.2.0/query-12.2.0.jar:/Users/alizeb/.m2/repository/io/cucumber/tag-expressions/6.1.0/tag-expressions-6.1.0.jar:/Users/alizeb/.m2/repository/io/cucumber/cucumber-expressions/17.1.0/cucumber-expressions-17.1.0.jar:/Users/alizeb/.m2/repository/io/cucumber/datatable/7.20.1/datatable-7.20.1.jar:/Users/alizeb/.m2/repository/io/cucumber/cucumber-plugin/7.20.1/cucumber-plugin-7.20.1.jar:/Users/alizeb/.m2/repository/io/cucumber/docstring/7.20.1/docstring-7.20.1.jar:/Users/alizeb/.m2/repository/io/cucumber/html-formatter/21.7.0/html-formatter-21.7.0.jar:/Users/alizeb/.m2/repository/io/cucumber/junit-xml-formatter/0.5.0/junit-xml-formatter-0.5.0.jar:/Users/alizeb/.m2/repository/io/cucumber/ci-environment/10.0.1/ci-environment-10.0.1.jar:/Users/alizeb/.m2/repository/org/apiguardian/apiguardian-api/1.1.2/apiguardian-api-1.1.2.jar:/Users/alizeb/.m2/repository/io/cucumber/cucumber-junit-platform-engine/7.20.1/cucumber-junit-platform-engine-7.20.1.jar:/Users/alizeb/.m2/repository/org/junit/platform/junit-platform-engine/1.11.2/junit-platform-engine-1.11.2.jar:/Users/alizeb/.m2/repository/org/opentest4j/opentest4j/1.3.0/opentest4j-1.3.0.jar:/Users/alizeb/.m2/repository/org/junit/platform/junit-platform-commons/1.11.2/junit-platform-commons-1.11.2.jar:/Users/alizeb/.m2/repository/org/junit/platform/junit-platform-suite/1.11.2/junit-platform-suite-1.11.2.jar:/Users/alizeb/.m2/repository/org/junit/platform/junit-platform-suite-api/1.11.2/junit-platform-suite-api-1.11.2.jar:/Users/alizeb/.m2/repository/org/junit/platform/junit-platform-suite-engine/1.11.2/junit-platform-suite-engine-1.11.2.jar:/Users/alizeb/.m2/repository/org/junit/platform/junit-platform-suite-commons/1.11.2/junit-platform-suite-commons-1.11.2.jar:/Users/alizeb/.m2/repository/org/junit/platform/junit-platform-launcher/1.11.2/junit-platform-launcher-1.11.2.jar:/Users/alizeb/.m2/repository/io/cucumber/cucumber-picocontainer/7.20.1/cucumber-picocontainer-7.20.1.jar:/Users/alizeb/.m2/repository/org/picocontainer/picocontainer/2.15/picocontainer-2.15.jar:/Users/alizeb/.m2/repository/org/junit/jupiter/junit-jupiter/5.11.2/junit-jupiter-5.11.2.jar:/Users/alizeb/.m2/repository/org/junit/jupiter/junit-jupiter-api/5.11.2/junit-jupiter-api-5.11.2.jar:/Users/alizeb/.m2/repository/org/junit/jupiter/junit-jupiter-params/5.11.2/junit-jupiter-params-5.11.2.jar:/Users/alizeb/.m2/repository/org/junit/jupiter/junit-jupiter-engine/5.11.2/junit-jupiter-engine-5.11.2.jar:/Users/alizeb/.m2/repository/org/mockito/mockito-core/5.15.2/mockito-core-5.15.2.jar:/Users/alizeb/.m2/repository/net/bytebuddy/byte-buddy/1.15.11/byte-buddy-1.15.11.jar:/Users/alizeb/.m2/repository/net/bytebuddy/byte-buddy-agent/1.15.11/byte-buddy-agent-1.15.11.jar:/Users/alizeb/.m2/repository/org/objenesis/objenesis/3.3/objenesis-3.3.jar:/Users/alizeb/.m2/repository/org/openjfx/javafx-controls/23-ea+3/javafx-controls-23-ea+3.jar:/Users/alizeb/.m2/repository/org/openjfx/javafx-controls/23-ea+3/javafx-controls-23-ea+3-mac-aarch64.jar:/Users/alizeb/.m2/repository/org/openjfx/javafx-graphics/23-ea+3/javafx-graphics-23-ea+3.jar:/Users/alizeb/.m2/repository/org/openjfx/javafx-graphics/23-ea+3/javafx-graphics-23-ea+3-mac-aarch64.jar:/Users/alizeb/.m2/repository/org/openjfx/javafx-base/23-ea+3/javafx-base-23-ea+3.jar:/Users/alizeb/.m2/repository/org/openjfx/javafx-base/23-ea+3/javafx-base-23-ea+3-mac-aarch64.jar:/Users/alizeb/.m2/repository/org/openjfx/javafx-fxml/23-ea+3/javafx-fxml-23-ea+3.jar:/Users/alizeb/.m2/repository/org/openjfx/javafx-fxml/23-ea+3/javafx-fxml-23-ea+3-mac-aarch64.jar:"/>
    <property name="sun.cpu.endian" value="little"/>
    <property name="user.home" value="/Users/alizeb"/>
    <property name="user.language" value="en"/>
    <property name="java.specification.vendor" value="Oracle Corporation"/>
    <property name="java.version.date" value="2025-01-21"/>
    <property name="java.home" value="/opt/homebrew/Cellar/openjdk/23.0.2/libexec/openjdk.jdk/Contents/Home"/>
    <property name="file.separator" value="/"/>
    <property name="basedir" value="/Users/alizeb/Desktop/Semester 4/Software engineering/software_proj"/>
    <property name="java.vm.compressedOopsMode" value="Zero based"/>
    <property name="line.separator" value="&#10;"/>
    <property name="java.vm.specification.vendor" value="Oracle Corporation"/>
    <property name="java.specification.name" value="Java Platform API Specification"/>
    <property name="apple.awt.application.name" value="ForkedBooter"/>
    <property name="surefire.real.class.path" value="/Users/alizeb/Desktop/Semester 4/Software engineering/software_proj/target/surefire/surefirebooter-20250509011726537_3.jar"/>
    <property name="sun.management.compiler" value="HotSpot 64-Bit Tiered Compilers"/>
    <property name="ftp.nonProxyHosts" value="local|*.local|169.254/16|*.169.254/16"/>
    <property name="java.runtime.version" value="23.0.2"/>
    <property name="user.name" value="alizeb"/>
    <property name="stdout.encoding" value="UTF-8"/>
    <property name="path.separator" value=":"/>
    <property name="os.version" value="15.4.1"/>
    <property name="java.runtime.name" value="OpenJDK Runtime Environment"/>
    <property name="file.encoding" value="UTF-8"/>
    <property name="java.vm.name" value="OpenJDK 64-Bit Server VM"/>
    <property name="java.vendor.version" value="Homebrew"/>
    <property name="localRepository" value="/Users/alizeb/.m2/repository"/>
    <property name="java.vendor.url.bug" value="https://github.com/Homebrew/homebrew-core/issues"/>
    <property name="java.io.tmpdir" value="/var/folders/73/6q67ylrx1vl6gkb3kbny6v940000gn/T/"/>
    <property name="java.version" value="23.0.2"/>
    <property name="user.dir" value="/Users/alizeb/Desktop/Semester 4/Software engineering/software_proj"/>
    <property name="os.arch" value="aarch64"/>
    <property name="java.vm.specification.name" value="Java Virtual Machine Specification"/>
    <property name="native.encoding" value="UTF-8"/>
    <property name="java.library.path" value="/Users/alizeb/Library/Java/Extensions:/Library/Java/Extensions:/Network/Library/Java/Extensions:/System/Library/Java/Extensions:/usr/lib/java:."/>
    <property name="java.vm.info" value="mixed mode, sharing"/>
    <property name="stderr.encoding" value="UTF-8"/>
    <property name="java.vendor" value="Homebrew"/>
    <property name="java.vm.version" value="23.0.2"/>
    <property name="sun.io.unicode.encoding" value="UnicodeBig"/>
    <property name="socksNonProxyHosts" value="local|*.local|169.254/16|*.169.254/16"/>
    <property name="java.class.version" value="67.0"/>
  </properties>
  <testcase name="Edit activity - User edits an activity successfully" classname="Edit activity" time="0.06">
    <failure message="Activity should exist ==&gt; expected: not &lt;null&gt;" type="org.opentest4j.AssertionFailedError"><![CDATA[org.opentest4j.AssertionFailedError: Activity should exist ==> expected: not <null>
	at hellocucumber.EditActivitySteps.theActivityExistsInProjectWithBudgetedTimeHoursStartWeekEndWeek(EditActivitySteps.java:32)
	at ✽.the activity "B" exists in project "P" with budgeted time 100 hours, start week 11, end week 13(file:///Users/alizeb/Desktop/Semester%204/Software%20engineering/software_proj/features/not_working/editActivity.feature:11)
]]></failure>
    <system-err><![CDATA[May 09, 2025 1:17:26 AM io.cucumber.junit.platform.engine.DiscoverySelectorResolver warnWhenCucumberFeaturesPropertyIsUsed
WARNING: Discovering tests using the cucumber.features property. Other discovery selectors are ignored!

This is a work around for the limited JUnit 5 support in Maven and Gradle. Please request/upvote/sponsor/ect better support for JUnit 5 discovery selectors. For details see: https://github.com/cucumber/cucumber-jvm/pull/2498

If you are using the JUnit 5 Suite Engine, Platform Launcher API or Console Launcher you should not use this property. Please consult the JUnit 5 documentation on test selection.
]]></system-err>
  </testcase>
  <testcase name="Edit activity - User edits activity without changing name" classname="Edit activity" time="0.006">
    <failure message="Activity should exist ==&gt; expected: not &lt;null&gt;" type="org.opentest4j.AssertionFailedError"><![CDATA[org.opentest4j.AssertionFailedError: Activity should exist ==> expected: not <null>
	at hellocucumber.EditActivitySteps.theActivityExistsInProjectWithBudgetedTimeHoursStartWeekEndWeek(EditActivitySteps.java:32)
	at ✽.the activity "A" exists in project "P" with budgeted time 90 hours, start week 12, end week 14(file:///Users/alizeb/Desktop/Semester%204/Software%20engineering/software_proj/features/not_working/editActivity.feature:16)
]]></failure>
  </testcase>
  <testcase name="Edit activity - Editing activity fails because project does not exist" classname="Edit activity" time="0.009">
    <failure message="expected: &lt;Not allowed: Project not found&gt; but was: &lt;Project does not exist&gt;" type="org.opentest4j.AssertionFailedError"><![CDATA[org.opentest4j.AssertionFailedError: expected: <Not allowed: Project not found> but was: <Project does not exist>
	at hellocucumber.registerTimeSteps.an_error_message_should_be_shown(registerTimeSteps.java:99)
	at ✽.an error message "Not allowed: Project not found" should be shown(file:///Users/alizeb/Desktop/Semester%204/Software%20engineering/software_proj/features/not_working/editActivity.feature:21)
]]></failure>
  </testcase>
  <testcase name="Edit activity - Editing activity fails because activity does not exist" classname="Edit activity" time="0.004">
    <failure message="expected: &lt;Not allowed: Activity not found&gt; but was: &lt;Project does not exist&gt;" type="org.opentest4j.AssertionFailedError"><![CDATA[org.opentest4j.AssertionFailedError: expected: <Not allowed: Activity not found> but was: <Project does not exist>
	at hellocucumber.registerTimeSteps.an_error_message_should_be_shown(registerTimeSteps.java:99)
	at ✽.an error message "Not allowed: Activity not found" should be shown(file:///Users/alizeb/Desktop/Semester%204/Software%20engineering/software_proj/features/not_working/editActivity.feature:26)
]]></failure>
  </testcase>
  <testcase name="Edit activity - Editing activity fails because new name already exists" classname="Edit activity" time="0.004">
    <failure message="expected: &lt;Not allowed: Activity with the new name already exists&gt; but was: &lt;Project does not exist&gt;" type="org.opentest4j.AssertionFailedError"><![CDATA[org.opentest4j.AssertionFailedError: expected: <Not allowed: Activity with the new name already exists> but was: <Project does not exist>
	at hellocucumber.registerTimeSteps.an_error_message_should_be_shown(registerTimeSteps.java:99)
	at ✽.an error message "Not allowed: Activity with the new name already exists" should be shown(file:///Users/alizeb/Desktop/Semester%204/Software%20engineering/software_proj/features/not_working/editActivity.feature:33)
]]></failure>
  </testcase>
  <testcase name="Find vacant Workers - Find available employees when some are free" classname="Find vacant Workers" time="0.008"/>
  <testcase name="Find vacant Workers - No available employees when all are busy" classname="Find vacant Workers" time="0.003"/>
  <testcase name="Set status log - Employee sets the status of their assigned activity" classname="Set status log" time="0.004"/>
  <testcase name="Set status log - Employee tries to set the status of an activity they are not assigned to" classname="Set status log" time="0.003"/>
  <testcase name="Set status log - Project leader sets the status of any activity in their project" classname="Set status log" time="0.002"/>
  <testcase name="Create activity - User adds an activity" classname="Create activity" time="0.002"/>
  <testcase name="Create activity - Employee adds an activity with an empty name" classname="Create activity" time="0.003"/>
  <testcase name="Create activity - Employee adds an activity which is already created" classname="Create activity" time="0.002"/>
  <testcase name="Add project leader - User assigns a project leader successfully" classname="Add project leader" time="0.004"/>
  <testcase name="Add project leader - User assigns a project leader who is already assigned" classname="Add project leader" time="0.003"/>
  <testcase name="Add project leader - User assigns a non existing user as project leader" classname="Add project leader" time="0.002"/>
  <testcase name="Add project leader - User assigns a project leader to a non existing project" classname="Add project leader" time="0.003"/>
  <testcase name="Create Project - User creates a project successfully" classname="Create Project" time="0.002"/>
  <testcase name="Create Project - User fails to create project with no name" classname="Create Project" time="0.003"/>
  <testcase name="Create Project - User fails to create project without client" classname="Create Project" time="0.002"/>
  <testcase name="Create Project - User fails to create project with identical name" classname="Create Project" time="0.002"/>
  <testcase name="User Login - User can login" classname="User Login" time="0.003"/>
  <testcase name="User Login - user has the wrong password" classname="User Login" time="0.002"/>
  <testcase name="User logout - User logs out" classname="User logout" time="0.002"/>
  <testcase name="Register used time - User registers time spent on an activity successfully" classname="Register used time" time="0.007"/>
  <testcase name="Register used time - User tries to register time for an activity they are not assigned to" classname="Register used time" time="0.003"/>
  <testcase name="Register used time - User registers time with invalid hours" classname="Register used time" time="0.003"/>
  <testcase name="Register used time - User registers time with missing date" classname="Register used time" time="0.002"/>
  <testcase name="Register used time - User registers time with missing user" classname="Register used time" time="0.003"/>
  <testcase name="Register used time - User registers time with non-0.5 hour value" classname="Register used time" time="0.003"/>
</testsuite>